<?xml version="1.0" encoding="UTF-8" standalone="yes"?><!DOCTYPE report PUBLIC "-//JACOCO//DTD Report 1.1//EN" "report.dtd"><report name="AdviseLogback"><sessioninfo id="rex-hoffma-ltm1.internal.salesforce.com-fcae160" start="1547956050404" dump="1547956051211"/><sessioninfo id="rex-hoffma-ltm1.internal.salesforce.com-2591c790" start="1547956056658" dump="1547956058838"/><sessioninfo id="rex-hoffma-ltm1.internal.salesforce.com-64d36eb8" start="1547957087021" dump="1547957088599"/><sessioninfo id="rex-hoffma-ltm1.internal.salesforce.com-5c7b174" start="1547957596445" dump="1547957599480"/><sessioninfo id="rex-hoffma-ltm1.internal.salesforce.com-5d45c0a6" start="1548611273718" dump="1548611274633"/><sessioninfo id="rex-hoffma-ltm1.internal.salesforce.com-ff73dbed" start="1548611785315" dump="1548611787507"/><sessioninfo id="rex-hoffma-ltm1.internal.salesforce.com-cc33fc01" start="1548615241305" dump="1548615241970"/><sessioninfo id="rex-hoffma-ltm1.internal.salesforce.com-903575cc" start="1548615750123" dump="1548615752147"/></report>