<?xml version="1.0" encoding="UTF-8" standalone="yes"?><!DOCTYPE report PUBLIC "-//JACOCO//DTD Report 1.1//EN" "report.dtd"><report name="AdviseLogback"><sessioninfo id="rex-hoffma-ltm1.internal.salesforce.com-9f451be3" start="1548628243143" dump="1548628244205"/><sessioninfo id="rex-hoffma-ltm1.internal.salesforce.com-701125e7" start="1548628249076" dump="1548628251333"/><sessioninfo id="rex-hoffma-ltm1.internal.salesforce.com-a7e56d7e" start="1548629832312" dump="1548629834017"/><sessioninfo id="rex-hoffma-ltm1.internal.salesforce.com-56c2a61a" start="1548630342450" dump="1548630345463"/></report>