GROUP,PACKAGE,CLASS,INSTRUCTION_MISSED,INSTRUCTION_COVERED,BRANCH_MISSED,BRANCH_COVERED,LINE_MISSED,LINE_COVERED,COMPLEXITY_MISSED,COMPLEXITY_COVERED,METHOD_MISSED,METHOD_COVERED
AdviseStaticEvictingClassloader/AdvisedCore,org.ehoffman.advised.internal,SimpleObjectFactory,0,117,1,7,0,25,1,13,0,10
AdviseStaticEvictingClassloader/AdvisedCore,org.ehoffman.advised.internal,AdviceAnnotationEvaluator,8,185,4,26,3,36,5,16,1,5
AdviseStaticEvictingClassloader/AdvisedCore,org.ehoffman.advised.internal,ExceptionEvaluator,0,28,0,6,0,9,0,5,0,2
AdviseStaticEvictingClassloader/AdvisedCore,org.ehoffman.advised.internal,ProviderAwareObjectFactoryAggregate,2,257,5,27,0,41,5,30,0,19
AdviseStaticEvictingClassloader/AdvisedCore,org.ehoffman.advised.internal,TestContext,7,158,3,13,3,38,3,13,0,8
AdviseStaticEvictingClassloader/AdvisedCore,org.ehoffman.advised.internal,TestContext.new Runnable() {...},0,10,0,0,0,3,0,2,0,2
AdviseStaticEvictingClassloader/AdvisedCore,org.ehoffman.advised,ConstraintException,23,0,0,0,10,0,5,0,5,0
