<?xml version="1.0" encoding="UTF-8" standalone="yes"?><!DOCTYPE report PUBLIC "-//JACOCO//DTD Report 1.1//EN" "report.dtd"><report name="AdviseLogback"><sessioninfo id="Rexs-MacBook-Pro-2.local-b3e60719" start="1569386791189" dump="1569386791689"/><sessioninfo id="Rexs-MacBook-Pro-2.local-36560d01" start="1569386795501" dump="1569386797452"/><sessioninfo id="Rexs-MacBook-Pro-2.local-bf3c8d6b" start="1569388416764" dump="1569388417383"/><sessioninfo id="Rexs-MacBook-Pro-2.local-26c398a9" start="1569388912668" dump="1569388914572"/></report>