<?xml version="1.0" encoding="UTF-8" standalone="yes"?><!DOCTYPE report PUBLIC "-//JACOCO//DTD Report 1.1//EN" "report.dtd"><report name="AdviseLogback"><sessioninfo id="Rexs-MacBook-Pro-2.local-c3d97a80" start="1597981489310" dump="1597981489966"/><sessioninfo id="Rexs-MacBook-Pro-2.local-8fa618cf" start="1597981493553" dump="1597981495548"/><sessioninfo id="Rexs-MacBook-Pro-2.local-8b92ff5a" start="1597983494668" dump="1597983495379"/><sessioninfo id="Rexs-MacBook-Pro-2.local-d9a3906c" start="1597983996118" dump="1597983998224"/></report>