<?xml version="1.0" encoding="UTF-8" standalone="yes"?><!DOCTYPE report PUBLIC "-//JACOCO//DTD Report 1.1//EN" "report.dtd"><report name="AdviseLogback"><sessioninfo id="Rexs-MacBook-Pro.local-fce5663e" start="1555201461631" dump="1555201462343"/><sessioninfo id="Rexs-MacBook-Pro.local-33c73fd2" start="1555201466545" dump="1555201468558"/><sessioninfo id="Rexs-MacBook-Pro.local-4aed49ec" start="1555202591180" dump="1555202591781"/><sessioninfo id="Rexs-MacBook-Pro.local-f28a54ae" start="1555203086039" dump="1555203088129"/></report>