<?xml version="1.0" encoding="UTF-8" standalone="yes"?><!DOCTYPE report PUBLIC "-//JACOCO//DTD Report 1.1//EN" "report.dtd"><report name="AdvisedCore"><sessioninfo id="rex-hoffma-ltm1.internal.salesforce.com-1832c41b" start="1547956043704" dump="1547956044370"/><sessioninfo id="rex-hoffma-ltm1.internal.salesforce.com-901196aa" start="1547956567776" dump="1547956568388"/><sessioninfo id="rex-hoffma-ltm1.internal.salesforce.com-1e1be033" start="1548610748896" dump="1548610749793"/><sessioninfo id="rex-hoffma-ltm1.internal.salesforce.com-b73b248b" start="1548614719704" dump="1548614720444"/></report>