<?xml version="1.0" encoding="UTF-8" standalone="yes"?><!DOCTYPE report PUBLIC "-//JACOCO//DTD Report 1.1//EN" "report.dtd"><report name="AdvisedJunit4"><sessioninfo id="Rexs-MacBook-Pro.local-6453178f" start="1555276839826" dump="1555276840471"/><sessioninfo id="Rexs-MacBook-Pro.local-1002c39e" start="1555277819507" dump="1555277820109"/><package name="com/github/advisedtesting/junit4"><class name="com/github/advisedtesting/junit4/Junit4AopClassRunner$IvokationMethodWithArguments" sourcefilename="Junit4AopClassRunner.java"><method name="&lt;init&gt;" desc="(Ljava/lang/Object;Lorg/junit/runners/model/FrameworkMethod;[Ljava/lang/Object;)V" line="267"><counter type="INSTRUCTION" missed="12" covered="0"/><counter type="LINE" missed="5" covered="0"/><counter type="COMPLEXITY" missed="1" covered="0"/><counter type="METHOD" missed="1" covered="0"/></method><method name="evaluate" desc="()V" line="275"><counter type="INSTRUCTION" missed="9" covered="0"/><counter type="LINE" missed="2" covered="0"/><counter type="COMPLEXITY" missed="1" covered="0"/><counter type="METHOD" missed="1" covered="0"/></method><counter type="INSTRUCTION" missed="21" covered="0"/><counter type="LINE" missed="7" covered="0"/><counter type="COMPLEXITY" missed="2" covered="0"/><counter type="METHOD" missed="2" covered="0"/><counter type="CLASS" missed="1" covered="0"/></class><class name="com/github/advisedtesting/junit4/Junit4AopClassRunner$DelayedConstructionStatement" sourcefilename="Junit4AopClassRunner.java"><method name="&lt;init&gt;" desc="(Lcom/github/advisedtesting/junit4/Junit4AopClassRunner;Lorg/junit/runners/model/FrameworkMethod;Ljava/lang/Class;Lcom/github/advisedtesting/core/internal/ProviderAwareObjectFactoryAggregate;)V" line="216"><counter type="INSTRUCTION" missed="36" covered="0"/><counter type="LINE" missed="10" covered="0"/><counter type="COMPLEXITY" missed="1" covered="0"/><counter type="METHOD" missed="1" covered="0"/></method><method name="evaluate" desc="()V" line="231"><counter type="INSTRUCTION" missed="116" covered="0"/><counter type="BRANCH" missed="4" covered="0"/><counter type="LINE" missed="21" covered="0"/><counter type="COMPLEXITY" missed="3" covered="0"/><counter type="METHOD" missed="1" covered="0"/></method><method name="lambda$0" desc="(Ljava/lang/Class;)Ljava/lang/String;" line="222"><counter type="INSTRUCTION" missed="3" covered="0"/><counter type="LINE" missed="1" covered="0"/><counter type="COMPLEXITY" missed="1" covered="0"/><counter type="METHOD" missed="1" covered="0"/></method><counter type="INSTRUCTION" missed="155" covered="0"/><counter type="BRANCH" missed="4" covered="0"/><counter type="LINE" missed="31" covered="0"/><counter type="COMPLEXITY" missed="5" covered="0"/><counter type="METHOD" missed="3" covered="0"/><counter type="CLASS" missed="1" covered="0"/></class><class name="com/github/advisedtesting/junit4/Junit4AopClassRunner$AdvisedStatement$1" sourcefilename="Junit4AopClassRunner.java"><method name="&lt;init&gt;" desc="(Lcom/github/advisedtesting/junit4/Junit4AopClassRunner$AdvisedStatement;)V" line="147"><counter type="INSTRUCTION" missed="6" covered="0"/><counter type="LINE" missed="1" covered="0"/><counter type="COMPLEXITY" missed="1" covered="0"/><counter type="METHOD" missed="1" covered="0"/></method><method name="registerObjectFactory" desc="(Lcom/github/advisedtesting/core/ObjectFactory;)V" line="151"><counter type="INSTRUCTION" missed="9" covered="0"/><counter type="LINE" missed="2" covered="0"/><counter type="COMPLEXITY" missed="1" covered="0"/><counter type="METHOD" missed="1" covered="0"/></method><method name="getCurrentContextFactory" desc="()Lcom/github/advisedtesting/core/ObjectFactory;" line="156"><counter type="INSTRUCTION" missed="4" covered="0"/><counter type="LINE" missed="1" covered="0"/><counter type="COMPLEXITY" missed="1" covered="0"/><counter type="METHOD" missed="1" covered="0"/></method><method name="proceed" desc="()Ljava/lang/Object;" line="161"><counter type="INSTRUCTION" missed="6" covered="0"/><counter type="LINE" missed="2" covered="0"/><counter type="COMPLEXITY" missed="1" covered="0"/><counter type="METHOD" missed="1" covered="0"/></method><method name="getThis" desc="()Ljava/lang/Object;" line="167"><counter type="INSTRUCTION" missed="2" covered="0"/><counter type="LINE" missed="1" covered="0"/><counter type="COMPLEXITY" missed="1" covered="0"/><counter type="METHOD" missed="1" covered="0"/></method><method name="getStaticPart" desc="()Ljava/lang/reflect/AccessibleObject;" line="172"><counter type="INSTRUCTION" missed="2" covered="0"/><counter type="LINE" missed="1" covered="0"/><counter type="COMPLEXITY" missed="1" covered="0"/><counter type="METHOD" missed="1" covered="0"/></method><method name="getArguments" desc="()[Ljava/lang/Object;" line="177"><counter type="INSTRUCTION" missed="3" covered="0"/><counter type="LINE" missed="1" covered="0"/><counter type="COMPLEXITY" missed="1" covered="0"/><counter type="METHOD" missed="1" covered="0"/></method><method name="getMethod" desc="()Ljava/lang/reflect/Method;" line="182"><counter type="INSTRUCTION" missed="2" covered="0"/><counter type="LINE" missed="1" covered="0"/><counter type="COMPLEXITY" missed="1" covered="0"/><counter type="METHOD" missed="1" covered="0"/></method><method name="getTargetAnnotation" desc="()Ljava/lang/annotation/Annotation;" line="187"><counter type="INSTRUCTION" missed="4" covered="0"/><counter type="LINE" missed="1" covered="0"/><counter type="COMPLEXITY" missed="1" covered="0"/><counter type="METHOD" missed="1" covered="0"/></method><counter type="INSTRUCTION" missed="38" covered="0"/><counter type="LINE" missed="11" covered="0"/><counter type="COMPLEXITY" missed="9" covered="0"/><counter type="METHOD" missed="9" covered="0"/><counter type="CLASS" missed="1" covered="0"/></class><class name="com/github/advisedtesting/junit4/Junit4AopClassRunner$AdvisedStatement" sourcefilename="Junit4AopClassRunner.java"><method name="&lt;init&gt;" desc="(Lorg/junit/runners/model/Statement;Lcom/github/advisedtesting/core/internal/TestContext;Lcom/github/advisedtesting/core/internal/ProviderAwareObjectFactoryAggregate;Ljava/lang/annotation/Annotation;)V" line="135"><counter type="INSTRUCTION" missed="15" covered="0"/><counter type="LINE" missed="6" covered="0"/><counter type="COMPLEXITY" missed="1" covered="0"/><counter type="METHOD" missed="1" covered="0"/></method><method name="evaluate" desc="()V" line="145"><counter type="INSTRUCTION" missed="18" covered="0"/><counter type="LINE" missed="4" covered="0"/><counter type="COMPLEXITY" missed="1" covered="0"/><counter type="METHOD" missed="1" covered="0"/></method><counter type="INSTRUCTION" missed="33" covered="0"/><counter type="LINE" missed="10" covered="0"/><counter type="COMPLEXITY" missed="2" covered="0"/><counter type="METHOD" missed="2" covered="0"/><counter type="CLASS" missed="1" covered="0"/></class><class name="com/github/advisedtesting/junit4/Junit4AopClassRunner" sourcefilename="Junit4AopClassRunner.java"><method name="&lt;clinit&gt;" desc="()V" line="69"><counter type="INSTRUCTION" missed="5" covered="0"/><counter type="LINE" missed="1" covered="0"/><counter type="COMPLEXITY" missed="1" covered="0"/><counter type="METHOD" missed="1" covered="0"/></method><method name="&lt;init&gt;" desc="(Ljava/lang/Class;)V" line="73"><counter type="INSTRUCTION" missed="7" covered="0"/><counter type="LINE" missed="3" covered="0"/><counter type="COMPLEXITY" missed="1" covered="0"/><counter type="METHOD" missed="1" covered="0"/></method><method name="validateTestMethods" desc="(Ljava/util/List;)V" line="81"><counter type="INSTRUCTION" missed="1" covered="0"/><counter type="LINE" missed="1" covered="0"/><counter type="COMPLEXITY" missed="1" covered="0"/><counter type="METHOD" missed="1" covered="0"/></method><method name="runChild" desc="(Lorg/junit/runners/model/FrameworkMethod;Lorg/junit/runner/notification/RunNotifier;)V" line="85"><counter type="INSTRUCTION" missed="5" covered="0"/><counter type="LINE" missed="2" covered="0"/><counter type="COMPLEXITY" missed="1" covered="0"/><counter type="METHOD" missed="1" covered="0"/></method><method name="computeTestMethods" desc="()Ljava/util/List;" line="90"><counter type="INSTRUCTION" missed="5" covered="0"/><counter type="LINE" missed="1" covered="0"/><counter type="COMPLEXITY" missed="1" covered="0"/><counter type="METHOD" missed="1" covered="0"/></method><method name="runContextualizedLeaf" desc="(Lorg/junit/runners/model/FrameworkMethod;Lorg/junit/runner/notification/RunNotifier;)V" line="94"><counter type="INSTRUCTION" missed="76" covered="0"/><counter type="BRANCH" missed="4" covered="0"/><counter type="LINE" missed="18" covered="0"/><counter type="COMPLEXITY" missed="3" covered="0"/><counter type="METHOD" missed="1" covered="0"/></method><method name="adviceAnnotations" desc="(Lorg/junit/runners/model/FrameworkMethod;)Ljava/util/List;" line="119"><counter type="INSTRUCTION" missed="28" covered="0"/><counter type="BRANCH" missed="4" covered="0"/><counter type="LINE" missed="5" covered="0"/><counter type="COMPLEXITY" missed="3" covered="0"/><counter type="METHOD" missed="1" covered="0"/></method><method name="getTestRules" desc="(Ljava/lang/Object;)Ljava/util/List;" line="203"><counter type="INSTRUCTION" missed="22" covered="0"/><counter type="LINE" missed="4" covered="0"/><counter type="COMPLEXITY" missed="1" covered="0"/><counter type="METHOD" missed="1" covered="0"/></method><counter type="INSTRUCTION" missed="149" covered="0"/><counter type="BRANCH" missed="8" covered="0"/><counter type="LINE" missed="35" covered="0"/><counter type="COMPLEXITY" missed="12" covered="0"/><counter type="METHOD" missed="8" covered="0"/><counter type="CLASS" missed="1" covered="0"/></class><sourcefile name="Junit4AopClassRunner.java"><line nr="69" mi="5" ci="0" mb="0" cb="0"/><line nr="73" mi="3" ci="0" mb="0" cb="0"/><line nr="74" mi="3" ci="0" mb="0" cb="0"/><line nr="75" mi="1" ci="0" mb="0" cb="0"/><line nr="81" mi="1" ci="0" mb="0" cb="0"/><line nr="85" mi="4" ci="0" mb="0" cb="0"/><line nr="86" mi="1" ci="0" mb="0" cb="0"/><line nr="90" mi="5" ci="0" mb="0" cb="0"/><line nr="94" mi="8" ci="0" mb="0" cb="0"/><line nr="95" mi="2" ci="0" mb="0" cb="0"/><line nr="96" mi="4" ci="0" mb="0" cb="0"/><line nr="97" mi="4" ci="0" mb="0" cb="0"/><line nr="98" mi="2" ci="0" mb="0" cb="0"/><line nr="99" mi="9" ci="0" mb="0" cb="0"/><line nr="100" mi="2" ci="0" mb="0" cb="0"/><line nr="101" mi="11" ci="0" mb="2" cb="0"/><line nr="102" mi="8" ci="0" mb="0" cb="0"/><line nr="105" mi="2" ci="0" mb="0" cb="0"/><line nr="106" mi="2" ci="0" mb="0" cb="0"/><line nr="107" mi="5" ci="0" mb="0" cb="0"/><line nr="108" mi="2" ci="0" mb="2" cb="0"/><line nr="109" mi="8" ci="0" mb="0" cb="0"/><line nr="110" mi="1" ci="0" mb="0" cb="0"/><line nr="111" mi="3" ci="0" mb="0" cb="0"/><line nr="114" mi="2" ci="0" mb="0" cb="0"/><line nr="116" mi="1" ci="0" mb="0" cb="0"/><line nr="119" mi="4" ci="0" mb="0" cb="0"/><line nr="120" mi="14" ci="0" mb="2" cb="0"/><line nr="121" mi="4" ci="0" mb="2" cb="0"/><line nr="122" mi="4" ci="0" mb="0" cb="0"/><line nr="125" mi="2" ci="0" mb="0" cb="0"/><line nr="135" mi="2" ci="0" mb="0" cb="0"/><line nr="137" mi="3" ci="0" mb="0" cb="0"/><line nr="138" mi="3" ci="0" mb="0" cb="0"/><line nr="139" mi="3" ci="0" mb="0" cb="0"/><line nr="140" mi="3" ci="0" mb="0" cb="0"/><line nr="141" mi="1" ci="0" mb="0" cb="0"/><line nr="145" mi="3" ci="0" mb="0" cb="0"/><line nr="146" mi="7" ci="0" mb="0" cb="0"/><line nr="147" mi="13" ci="0" mb="0" cb="0"/><line nr="151" mi="8" ci="0" mb="0" cb="0"/><line nr="152" mi="1" ci="0" mb="0" cb="0"/><line nr="156" mi="4" ci="0" mb="0" cb="0"/><line nr="161" mi="4" ci="0" mb="0" cb="0"/><line nr="162" mi="2" ci="0" mb="0" cb="0"/><line nr="167" mi="2" ci="0" mb="0" cb="0"/><line nr="172" mi="2" ci="0" mb="0" cb="0"/><line nr="177" mi="3" ci="0" mb="0" cb="0"/><line nr="182" mi="2" ci="0" mb="0" cb="0"/><line nr="187" mi="4" ci="0" mb="0" cb="0"/><line nr="190" mi="1" ci="0" mb="0" cb="0"/><line nr="203" mi="6" ci="0" mb="0" cb="0"/><line nr="204" mi="6" ci="0" mb="0" cb="0"/><line nr="206" mi="8" ci="0" mb="0" cb="0"/><line nr="208" mi="2" ci="0" mb="0" cb="0"/><line nr="216" mi="3" ci="0" mb="0" cb="0"/><line nr="217" mi="3" ci="0" mb="0" cb="0"/><line nr="219" mi="2" ci="0" mb="0" cb="0"/><line nr="220" mi="3" ci="0" mb="0" cb="0"/><line nr="221" mi="5" ci="0" mb="0" cb="0"/><line nr="222" mi="12" ci="0" mb="0" cb="0"/><line nr="223" mi="3" ci="0" mb="0" cb="0"/><line nr="224" mi="4" ci="0" mb="0" cb="0"/><line nr="225" mi="3" ci="0" mb="0" cb="0"/><line nr="226" mi="1" ci="0" mb="0" cb="0"/><line nr="231" mi="3" ci="0" mb="2" cb="0"/><line nr="232" mi="3" ci="0" mb="0" cb="0"/><line nr="233" mi="1" ci="0" mb="0" cb="0"/><line nr="234" mi="3" ci="0" mb="0" cb="0"/><line nr="235" mi="3" ci="0" mb="0" cb="0"/><line nr="236" mi="6" ci="0" mb="0" cb="0"/><line nr="237" mi="3" ci="0" mb="0" cb="0"/><line nr="238" mi="4" ci="0" mb="0" cb="0"/><line nr="239" mi="12" ci="0" mb="2" cb="0"/><line nr="240" mi="7" ci="0" mb="0" cb="0"/><line nr="242" mi="10" ci="0" mb="0" cb="0"/><line nr="243" mi="5" ci="0" mb="0" cb="0"/><line nr="244" mi="10" ci="0" mb="0" cb="0"/><line nr="246" mi="7" ci="0" mb="0" cb="0"/><line nr="247" mi="7" ci="0" mb="0" cb="0"/><line nr="248" mi="7" ci="0" mb="0" cb="0"/><line nr="249" mi="7" ci="0" mb="0" cb="0"/><line nr="251" mi="5" ci="0" mb="0" cb="0"/><line nr="252" mi="10" ci="0" mb="0" cb="0"/><line nr="253" mi="2" ci="0" mb="0" cb="0"/><line nr="255" mi="1" ci="0" mb="0" cb="0"/><line nr="267" mi="2" ci="0" mb="0" cb="0"/><line nr="268" mi="3" ci="0" mb="0" cb="0"/><line nr="269" mi="3" ci="0" mb="0" cb="0"/><line nr="270" mi="3" ci="0" mb="0" cb="0"/><line nr="271" mi="1" ci="0" mb="0" cb="0"/><line nr="275" mi="8" ci="0" mb="0" cb="0"/><line nr="276" mi="1" ci="0" mb="0" cb="0"/><counter type="INSTRUCTION" missed="396" covered="0"/><counter type="BRANCH" missed="12" covered="0"/><counter type="LINE" missed="93" covered="0"/><counter type="COMPLEXITY" missed="30" covered="0"/><counter type="METHOD" missed="24" covered="0"/><counter type="CLASS" missed="5" covered="0"/></sourcefile><counter type="INSTRUCTION" missed="396" covered="0"/><counter type="BRANCH" missed="12" covered="0"/><counter type="LINE" missed="93" covered="0"/><counter type="COMPLEXITY" missed="30" covered="0"/><counter type="METHOD" missed="24" covered="0"/><counter type="CLASS" missed="5" covered="0"/></package><counter type="INSTRUCTION" missed="396" covered="0"/><counter type="BRANCH" missed="12" covered="0"/><counter type="LINE" missed="93" covered="0"/><counter type="COMPLEXITY" missed="30" covered="0"/><counter type="METHOD" missed="24" covered="0"/><counter type="CLASS" missed="5" covered="0"/></report>