GROUP,PACKAGE,CLASS,INSTRUCTION_MISSED,INSTRUCTION_COVERED,BRANCH_MISSED,BRANCH_COVERED,LINE_MISSED,LINE_COVERED,COMPLEXITY_MISSED,COMPLEXITY_COVERED,METHOD_MISSED,METHOD_COVERED
AdvisedCore,org.ehoffman.advised.internal,SimpleObjectFactory,12,105,2,6,2,23,2,12,0,10
AdvisedCore,org.ehoffman.advised.internal,AdviceAnnotationEvaluator,10,183,5,25,4,35,6,15,1,5
AdvisedCore,org.ehoffman.advised.internal,ExceptionEvaluator,0,28,0,6,0,9,0,5,0,2
AdvisedCore,org.ehoffman.advised.internal,ProviderAwareObjectFactoryAggregate,96,163,18,14,16,25,15,20,4,15
AdvisedCore,org.ehoffman.advised.internal,TestContext,7,158,3,13,3,38,3,13,0,8
AdvisedCore,org.ehoffman.advised.internal,TestContext.new Runnable() {...},0,10,0,0,0,3,0,2,0,2
AdvisedCore,org.ehoffman.advised,ConstraintException,23,0,0,0,10,0,5,0,5,0
