<?xml version="1.0" encoding="UTF-8" standalone="yes"?><!DOCTYPE report PUBLIC "-//JACOCO//DTD Report 1.1//EN" "report.dtd"><report name="AdviseLogback"><sessioninfo id="Rexs-MacBook-Pro.local-6453178f" start="1555276839826" dump="1555276840471"/><sessioninfo id="Rexs-MacBook-Pro.local-f76f3f68" start="1555276844724" dump="1555276846771"/><sessioninfo id="Rexs-MacBook-Pro.local-1002c39e" start="1555277819507" dump="1555277820109"/><sessioninfo id="Rexs-MacBook-Pro.local-901717e7" start="1555278314032" dump="1555278316076"/></report>